
KL25_Light(Simple).elf:     file format elf32-littlearm
KL25_Light(Simple).elf
architecture: arm, flags 0x00000012:
EXEC_P, HAS_SYMS
start address 0x00000411

Program Header:
    LOAD off    0x000000b4 vaddr 0x00000000 paddr 0x00000000 align 2**2
         filesz 0x000000c0 memsz 0x000000c0 flags r--
    LOAD off    0x00000174 vaddr 0x00000400 paddr 0x00000400 align 2**0
         filesz 0x00000010 memsz 0x00000010 flags r--
    LOAD off    0x00000184 vaddr 0x00000410 paddr 0x00000410 align 2**2
         filesz 0x000002bc memsz 0x000002bc flags r-x
    LOAD off    0x00000440 vaddr 0x1ffff000 paddr 0x1ffff000 align 2**0
         filesz 0x00000000 memsz 0x00000800 flags rw-
private flags = 5000002: [Version5 EABI] [has entry point]

Sections:
Idx Name          Size      VMA       LMA       File off  Algn  Flags
  0 .interrupts   000000c0  00000000  00000000  000000b4  2**2  CONTENTS, ALLOC, LOAD, READONLY, DATA
  1 .flash_config 00000010  00000400  00000400  00000174  2**0  CONTENTS, ALLOC, LOAD, READONLY, DATA
  2 .text         000002bc  00000410  00000410  00000184  2**2  CONTENTS, ALLOC, LOAD, READONLY, CODE
  3 .heap         00000400  1ffff000  1ffff000  00000440  2**0  ALLOC
  4 .stack        00000400  1ffff400  1ffff400  00000440  2**0  ALLOC
  5 .ARM.attributes 00000030  00000000  00000000  00000440  2**0  CONTENTS, READONLY
  6 .debug_info   000008b4  00000000  00000000  00000470  2**0  CONTENTS, READONLY, DEBUGGING
  7 .debug_abbrev 000001e4  00000000  00000000  00000d24  2**0  CONTENTS, READONLY, DEBUGGING
  8 .debug_aranges 00000090  00000000  00000000  00000f08  2**3  CONTENTS, READONLY, DEBUGGING
  9 .debug_ranges 00000040  00000000  00000000  00000f98  2**0  CONTENTS, READONLY, DEBUGGING
 10 .debug_macro  000094b2  00000000  00000000  00000fd8  2**0  CONTENTS, READONLY, DEBUGGING
 11 .debug_line   00000985  00000000  00000000  0000a48a  2**0  CONTENTS, READONLY, DEBUGGING
 12 .debug_str    0003206a  00000000  00000000  0000ae0f  2**0  CONTENTS, READONLY, DEBUGGING
 13 .comment      00000070  00000000  00000000  0003ce79  2**0  CONTENTS, READONLY
 14 .debug_frame  000000c0  00000000  00000000  0003ceec  2**2  CONTENTS, READONLY, DEBUGGING
SYMBOL TABLE:
00000000 l    d  .interrupts	00000000 .interrupts
00000400 l    d  .flash_config	00000000 .flash_config
00000410 l    d  .text	00000000 .text
1ffff000 l    d  .heap	00000000 .heap
1ffff400 l    d  .stack	00000000 .stack
00000000 l    d  .ARM.attributes	00000000 .ARM.attributes
00000000 l    d  .debug_info	00000000 .debug_info
00000000 l    d  .debug_abbrev	00000000 .debug_abbrev
00000000 l    d  .debug_aranges	00000000 .debug_aranges
00000000 l    d  .debug_ranges	00000000 .debug_ranges
00000000 l    d  .debug_macro	00000000 .debug_macro
00000000 l    d  .debug_line	00000000 .debug_line
00000000 l    d  .debug_str	00000000 .debug_str
00000000 l    d  .comment	00000000 .comment
00000000 l    d  .debug_frame	00000000 .debug_frame
00000000 l    df *ABS*	00000000 ./03_MCU/startup_MKL25Z4.o
00000000 l    df *ABS*	00000000 isr.c
00000000 l    df *ABS*	00000000 main.c
00000000 l    df *ABS*	00000000 system_MKL25Z4.c
00000000 l    df *ABS*	00000000 
00000400 l       *ABS*	00000000 STACK_SIZE
1ffff400 l       .heap	00000000 __HeapLimit
00000400 l       *ABS*	00000000 HEAP_SIZE
000006cc l       .text	00000000 __DATA_ROM
20002c00 l       *ABS*	00000000 __StackLimit
1ffff000 g       .heap	00000000 __HeapBase
1ffff000 g       .text	00000000 __data_start__
00000454  w    F .text	00000004 I2C0_IRQHandler
00000454  w    F .text	00000004 HardFault_Handler
00000454  w    F .text	00000004 SysTick_Handler
00000454  w    F .text	00000004 PendSV_Handler
00000454  w    F .text	00000004 NMI_Handler
000006cc g       .text	00000000 __exidx_end
00000454  w    F .text	00000004 I2C1_IRQHandler
00000464 g     F .text	00000008 UART1_IRQHandler
000006cc g       .text	00000000 __etext
00000454  w    F .text	00000004 DMA2_IRQHandler
00000454  w    F .text	00000004 TPM0_IRQHandler
00000454  w    F .text	00000004 LLWU_IRQHandler
00000454  w    F .text	00000004 TSI0_IRQHandler
0000045c g     F .text	00000008 UART0_IRQHandler
000006cc g       .text	00000000 __DTOR_END__
00000454  w    F .text	00000004 ADC0_IRQHandler
00000454  w    F .text	00000004 Reserved39_IRQHandler
1ffff000 g       .text	00000000 __START_BSS
1ffff000 g       .text	00000000 __bss_start__
00000454  w    F .text	00000004 SPI1_IRQHandler
00000454  w    F .text	00000004 DefaultISR
00000454  w    F .text	00000004 PORTD_IRQHandler
000006cc g       .text	00000000 __exidx_start
00000454  w    F .text	00000004 TPM2_IRQHandler
00000454  w    F .text	00000004 RTC_IRQHandler
00000410  w    F .text	00000044 Reset_Handler
00000454  w    F .text	00000004 RTC_Seconds_IRQHandler
00000454  w    F .text	00000004 MCG_IRQHandler
0000046c g     F .text	00000008 UART2_IRQHandler
1ffff000 g       .text	00000000 __data_end__
000006cc g       .text	00000000 __CTOR_LIST__
1ffff000 g       .text	00000000 __bss_end__
00000454  w    F .text	00000004 Reserved20_IRQHandler
00000454  w    F .text	00000004 USB0_IRQHandler
00000000 g       .interrupts	000000c0 __isr_vector
00000474 g     F .text	000000d0 main
00000454  w    F .text	00000004 PIT_IRQHandler
00000454  w    F .text	00000004 SVC_Handler
1ffff000 g       .text	00000000 __DATA_RAM
1ffff000 g       .heap	00000000 __end__
000006cc g       .text	00000000 __CTOR_END__
00000454  w    F .text	00000004 DMA3_IRQHandler
000006cc g       .text	00000000 __DTOR_LIST__
1ffff000 g       .text	00000000 __END_BSS
00000544 g     F .text	00000188 SystemInit
00000454  w    F .text	00000004 DMA0_IRQHandler
00000454  w    F .text	00000004 DAC0_IRQHandler
20003000 g       *ABS*	00000000 __StackTop
1ffff000 g       .text	00000000 _mtb_end
000006cc g       .text	00000000 __DATA_END
00000454  w    F .text	00000004 Reserved45_IRQHandler
00000454  w    F .text	00000004 TPM1_IRQHandler
00000454  w    F .text	00000004 LVD_LVW_IRQHandler
00000454  w    F .text	00000004 SPI0_IRQHandler
00000454  w    F .text	00000004 PORTA_IRQHandler
00000000 g       .interrupts	00000000 __VECTOR_TABLE
00000454  w    F .text	00000004 FTFA_IRQHandler
1ffff000 g       .text	00000000 _mtb_start
00000454  w    F .text	00000004 LPTMR0_IRQHandler
00000454  w    F .text	00000004 CMP0_IRQHandler
00000454  w    F .text	00000004 DMA1_IRQHandler



Disassembly of section .text:

00000410 <Reset_Handler>:
Reset_Handler():
F:\嵌入式\SD-(M0+)-CD(V2.7)-170930\02-Software\KL25-program\ch04-Light-170930\KL25_Light_Simple\Debug/../03_MCU/startup_MKL25Z4.S:117
    .align 2
    .globl   Reset_Handler
    .weak    Reset_Handler
    .type    Reset_Handler, %function
Reset_Handler:
    cpsid   i               /* 屏蔽中断 */
 410:	b672      	cpsid	i
F:\嵌入式\SD-(M0+)-CD(V2.7)-170930\02-Software\KL25-program\ch04-Light-170930\KL25_Light_Simple\Debug/../03_MCU/startup_MKL25Z4.S:119
#ifndef __NO_SYSTEM_INIT
    bl SystemInit           /* 跳转到系统初始化函数，在system_MKL25Z4.c中 */
 412:	f000 f897 	bl	544 <SystemInit>
F:\嵌入式\SD-(M0+)-CD(V2.7)-170930\02-Software\KL25-program\ch04-Light-170930\KL25_Light_Simple\Debug/../03_MCU/startup_MKL25Z4.S:121
#endif
    cpsie   i               /* 解除屏蔽中断 */
 416:	b662      	cpsie	i
F:\嵌入式\SD-(M0+)-CD(V2.7)-170930\02-Software\KL25-program\ch04-Light-170930\KL25_Light_Simple\Debug/../03_MCU/startup_MKL25Z4.S:127

/*     把数据从ROM复制到RAM中。需要在连接文件中定义如下的标志。
 *
 *      __etext: 代码段结束标志, 比如： begin of data sections to copy from.
 *      __data_start__/__data_end__: 数据需要复制到的RAM地址范围。边界必须4字节对齐  */
    ldr    r1, =__etext
 418:	4909      	ldr	r1, [pc, #36]	; (440 <Reset_Handler+0x30>)
F:\嵌入式\SD-(M0+)-CD(V2.7)-170930\02-Software\KL25-program\ch04-Light-170930\KL25_Light_Simple\Debug/../03_MCU/startup_MKL25Z4.S:128
    ldr    r2, =__data_start__
 41a:	4a0a      	ldr	r2, [pc, #40]	; (444 <Reset_Handler+0x34>)
F:\嵌入式\SD-(M0+)-CD(V2.7)-170930\02-Software\KL25-program\ch04-Light-170930\KL25_Light_Simple\Debug/../03_MCU/startup_MKL25Z4.S:129
    ldr    r3, =__data_end__
 41c:	4b0a      	ldr	r3, [pc, #40]	; (448 <Reset_Handler+0x38>)
F:\嵌入式\SD-(M0+)-CD(V2.7)-170930\02-Software\KL25-program\ch04-Light-170930\KL25_Light_Simple\Debug/../03_MCU/startup_MKL25Z4.S:131

    subs    r3, r2
 41e:	1a9b      	subs	r3, r3, r2
F:\嵌入式\SD-(M0+)-CD(V2.7)-170930\02-Software\KL25-program\ch04-Light-170930\KL25_Light_Simple\Debug/../03_MCU/startup_MKL25Z4.S:132
    ble     .LC0
 420:	dd03      	ble.n	42a <Reset_Handler+0x1a>
F:\嵌入式\SD-(M0+)-CD(V2.7)-170930\02-Software\KL25-program\ch04-Light-170930\KL25_Light_Simple\Debug/../03_MCU/startup_MKL25Z4.S:135

.LC1:
    subs    r3, 4
 422:	3b04      	subs	r3, #4
F:\嵌入式\SD-(M0+)-CD(V2.7)-170930\02-Software\KL25-program\ch04-Light-170930\KL25_Light_Simple\Debug/../03_MCU/startup_MKL25Z4.S:136
    ldr    r0, [r1,r3]
 424:	58c8      	ldr	r0, [r1, r3]
F:\嵌入式\SD-(M0+)-CD(V2.7)-170930\02-Software\KL25-program\ch04-Light-170930\KL25_Light_Simple\Debug/../03_MCU/startup_MKL25Z4.S:137
    str    r0, [r2,r3]
 426:	50d0      	str	r0, [r2, r3]
F:\嵌入式\SD-(M0+)-CD(V2.7)-170930\02-Software\KL25-program\ch04-Light-170930\KL25_Light_Simple\Debug/../03_MCU/startup_MKL25Z4.S:138
    bgt    .LC1
 428:	dcfb      	bgt.n	422 <Reset_Handler+0x12>
F:\嵌入式\SD-(M0+)-CD(V2.7)-170930\02-Software\KL25-program\ch04-Light-170930\KL25_Light_Simple\Debug/../03_MCU/startup_MKL25Z4.S:150
 *
 *     清理BSS段需要在连接文件中定义如下的标志
 *      __bss_start__: bss段的起始标志，需要对其到4字节
 *      __bss_end__: bss段的结束标志. 需要对其到4字节
 */
    ldr r1, =__bss_start__
 42a:	4908      	ldr	r1, [pc, #32]	; (44c <Reset_Handler+0x3c>)
F:\嵌入式\SD-(M0+)-CD(V2.7)-170930\02-Software\KL25-program\ch04-Light-170930\KL25_Light_Simple\Debug/../03_MCU/startup_MKL25Z4.S:151
    ldr r2, =__bss_end__
 42c:	4a08      	ldr	r2, [pc, #32]	; (450 <Reset_Handler+0x40>)
F:\嵌入式\SD-(M0+)-CD(V2.7)-170930\02-Software\KL25-program\ch04-Light-170930\KL25_Light_Simple\Debug/../03_MCU/startup_MKL25Z4.S:153

    subs    r2, r1
 42e:	1a52      	subs	r2, r2, r1
F:\嵌入式\SD-(M0+)-CD(V2.7)-170930\02-Software\KL25-program\ch04-Light-170930\KL25_Light_Simple\Debug/../03_MCU/startup_MKL25Z4.S:154
    ble .LC3
 430:	dd03      	ble.n	43a <Reset_Handler+0x2a>
F:\嵌入式\SD-(M0+)-CD(V2.7)-170930\02-Software\KL25-program\ch04-Light-170930\KL25_Light_Simple\Debug/../03_MCU/startup_MKL25Z4.S:156

    movs    r0, 0
 432:	2000      	movs	r0, #0
F:\嵌入式\SD-(M0+)-CD(V2.7)-170930\02-Software\KL25-program\ch04-Light-170930\KL25_Light_Simple\Debug/../03_MCU/startup_MKL25Z4.S:158
.LC2:
    str r0, [r1, r2]
 434:	5088      	str	r0, [r1, r2]
F:\嵌入式\SD-(M0+)-CD(V2.7)-170930\02-Software\KL25-program\ch04-Light-170930\KL25_Light_Simple\Debug/../03_MCU/startup_MKL25Z4.S:159
    subs    r2, 4
 436:	3a04      	subs	r2, #4
F:\嵌入式\SD-(M0+)-CD(V2.7)-170930\02-Software\KL25-program\ch04-Light-170930\KL25_Light_Simple\Debug/../03_MCU/startup_MKL25Z4.S:160
    bge .LC2
 438:	dafc      	bge.n	434 <Reset_Handler+0x24>
F:\嵌入式\SD-(M0+)-CD(V2.7)-170930\02-Software\KL25-program\ch04-Light-170930\KL25_Light_Simple\Debug/../03_MCU/startup_MKL25Z4.S:166
.LC3:
#endif
#ifndef __START
#define __START main
#endif
    bl    __START
 43a:	f000 f81b 	bl	474 <main>
 43e:	0000      	.short	0x0000
F:\嵌入式\SD-(M0+)-CD(V2.7)-170930\02-Software\KL25-program\ch04-Light-170930\KL25_Light_Simple\Debug/../03_MCU/startup_MKL25Z4.S:127

/*     把数据从ROM复制到RAM中。需要在连接文件中定义如下的标志。
 *
 *      __etext: 代码段结束标志, 比如： begin of data sections to copy from.
 *      __data_start__/__data_end__: 数据需要复制到的RAM地址范围。边界必须4字节对齐  */
    ldr    r1, =__etext
 440:	000006cc 	.word	0x000006cc
F:\嵌入式\SD-(M0+)-CD(V2.7)-170930\02-Software\KL25-program\ch04-Light-170930\KL25_Light_Simple\Debug/../03_MCU/startup_MKL25Z4.S:128
    ldr    r2, =__data_start__
 444:	1ffff000 	.word	0x1ffff000
F:\嵌入式\SD-(M0+)-CD(V2.7)-170930\02-Software\KL25-program\ch04-Light-170930\KL25_Light_Simple\Debug/../03_MCU/startup_MKL25Z4.S:129
    ldr    r3, =__data_end__
 448:	1ffff000 	.word	0x1ffff000
F:\嵌入式\SD-(M0+)-CD(V2.7)-170930\02-Software\KL25-program\ch04-Light-170930\KL25_Light_Simple\Debug/../03_MCU/startup_MKL25Z4.S:150
 *
 *     清理BSS段需要在连接文件中定义如下的标志
 *      __bss_start__: bss段的起始标志，需要对其到4字节
 *      __bss_end__: bss段的结束标志. 需要对其到4字节
 */
    ldr r1, =__bss_start__
 44c:	1ffff000 	.word	0x1ffff000
F:\嵌入式\SD-(M0+)-CD(V2.7)-170930\02-Software\KL25-program\ch04-Light-170930\KL25_Light_Simple\Debug/../03_MCU/startup_MKL25Z4.S:151
    ldr r2, =__bss_end__
 450:	1ffff000 	.word	0x1ffff000

00000454 <ADC0_IRQHandler>:
I2C0_IRQHandler():
F:\嵌入式\SD-(M0+)-CD(V2.7)-170930\02-Software\KL25-program\ch04-Light-170930\KL25_Light_Simple\Debug/../03_MCU/startup_MKL25Z4.S:175
    .align	1
    .thumb_func
    .weak DefaultISR
    .type DefaultISR, %function
DefaultISR:
    ldr	r0, =DefaultISR
 454:	4800      	ldr	r0, [pc, #0]	; (458 <ADC0_IRQHandler+0x4>)
F:\嵌入式\SD-(M0+)-CD(V2.7)-170930\02-Software\KL25-program\ch04-Light-170930\KL25_Light_Simple\Debug/../03_MCU/startup_MKL25Z4.S:176
    bx r0
 456:	4700      	bx	r0
$d():
F:\嵌入式\SD-(M0+)-CD(V2.7)-170930\02-Software\KL25-program\ch04-Light-170930\KL25_Light_Simple\Debug/../03_MCU/startup_MKL25Z4.S:175
    .align	1
    .thumb_func
    .weak DefaultISR
    .type DefaultISR, %function
DefaultISR:
    ldr	r0, =DefaultISR
 458:	00000455 	.word	0x00000455

0000045c <UART0_IRQHandler>:
UART0_IRQHandler():
F:\嵌入式\SD-(M0+)-CD(V2.7)-170930\02-Software\KL25-program\ch04-Light-170930\KL25_Light_Simple\Debug/../08_Source/isr.c:12
#include "includes.h"

//========================中断函数服务例程===============================
//串口0接收中断服务例程
void UART0_IRQHandler(void)
{
 45c:	b580      	push	{r7, lr}
 45e:	af00      	add	r7, sp, #0
F:\嵌入式\SD-(M0+)-CD(V2.7)-170930\02-Software\KL25-program\ch04-Light-170930\KL25_Light_Simple\Debug/../08_Source/isr.c:14

}
 460:	46bd      	mov	sp, r7
 462:	bd80      	pop	{r7, pc}

00000464 <UART1_IRQHandler>:
UART1_IRQHandler():
F:\嵌入式\SD-(M0+)-CD(V2.7)-170930\02-Software\KL25-program\ch04-Light-170930\KL25_Light_Simple\Debug/../08_Source/isr.c:19


//串口1接收中断服务例程
void UART1_IRQHandler(void)
{
 464:	b580      	push	{r7, lr}
 466:	af00      	add	r7, sp, #0
F:\嵌入式\SD-(M0+)-CD(V2.7)-170930\02-Software\KL25-program\ch04-Light-170930\KL25_Light_Simple\Debug/../08_Source/isr.c:21

}
 468:	46bd      	mov	sp, r7
 46a:	bd80      	pop	{r7, pc}

0000046c <UART2_IRQHandler>:
UART2_IRQHandler():
F:\嵌入式\SD-(M0+)-CD(V2.7)-170930\02-Software\KL25-program\ch04-Light-170930\KL25_Light_Simple\Debug/../08_Source/isr.c:25

//串口2接收中断服务例程
void UART2_IRQHandler(void)
{
 46c:	b580      	push	{r7, lr}
 46e:	af00      	add	r7, sp, #0
F:\嵌入式\SD-(M0+)-CD(V2.7)-170930\02-Software\KL25-program\ch04-Light-170930\KL25_Light_Simple\Debug/../08_Source/isr.c:27

}
 470:	46bd      	mov	sp, r7
 472:	bd80      	pop	{r7, pc}

00000474 <main>:
main():
F:\嵌入式\SD-(M0+)-CD(V2.7)-170930\02-Software\KL25-program\ch04-Light-170930\KL25_Light_Simple\Debug/../08_Source/main.c:8

#include "includes.h"   //包含总头文件


int main(void)
{
 474:	b580      	push	{r7, lr}
 476:	b088      	sub	sp, #32
 478:	af00      	add	r7, sp, #0
__disable_irq():
F:/嵌入式/SD-(M0+)-CD(V2.7)-170930/02-Software/KL25-program/ch04-Light-170930/KL25_Light_Simple/02_CPU/core_cmFunc.h:344
  This function disables IRQ interrupts by setting the I-bit in the CPSR.
  Can only be executed in Privileged modes.
 */
__attribute__( ( always_inline ) ) __STATIC_INLINE void __disable_irq(void)
{
  __ASM volatile ("cpsid i" : : : "memory");
 47a:	b672      	cpsid	i
main():
F:\嵌入式\SD-(M0+)-CD(V2.7)-170930\02-Software\KL25-program\ch04-Light-170930\KL25_Light_Simple\Debug/../08_Source/main.c:19

    //GPIO基本编程步骤：

 	//(1)计算给出PORTB9的引脚控制寄存器地址
  	   //PORTB端口的引脚控制寄存器基地址为0x4004A000u（后缀u表示无符号数）
  	   volatile uint_32 *portB_ptr = (uint_32*)0x4004A000u;
 47c:	4b2c      	ldr	r3, [pc, #176]	; (530 <main+0xbc>)
 47e:	61bb      	str	r3, [r7, #24]
F:\嵌入式\SD-(M0+)-CD(V2.7)-170930\02-Software\KL25-program\ch04-Light-170930\KL25_Light_Simple\Debug/../08_Source/main.c:21
  	   //PORTB9的引脚控制寄存器地址=基地址+偏移量
  	   volatile uint_32 *portB_PCR_9 = portB_ptr + 9;
 480:	69bb      	ldr	r3, [r7, #24]
 482:	3324      	adds	r3, #36	; 0x24
 484:	617b      	str	r3, [r7, #20]
F:\嵌入式\SD-(M0+)-CD(V2.7)-170930\02-Software\KL25-program\ch04-Light-170930\KL25_Light_Simple\Debug/../08_Source/main.c:25

  	   //(2)计算给出PORTB的数据方向寄存器、输出反转寄存器地址
  	   //PORTB端口（作为GPIO功能）的基地址为0x400FF040u
       volatile uint_32 *gpioB_ptr = (uint_32*)0x400FF040u;
 486:	4b2b      	ldr	r3, [pc, #172]	; (534 <main+0xc0>)
 488:	613b      	str	r3, [r7, #16]
F:\嵌入式\SD-(M0+)-CD(V2.7)-170930\02-Software\KL25-program\ch04-Light-170930\KL25_Light_Simple\Debug/../08_Source/main.c:27
       //PORTB的数据方向寄存器地址=基地址+偏移量
       volatile uint_32 *portB_PDDR=gpioB_ptr+5;
 48a:	693b      	ldr	r3, [r7, #16]
 48c:	3314      	adds	r3, #20
 48e:	60fb      	str	r3, [r7, #12]
F:\嵌入式\SD-(M0+)-CD(V2.7)-170930\02-Software\KL25-program\ch04-Light-170930\KL25_Light_Simple\Debug/../08_Source/main.c:29
       //PORTB的输出寄存器地址=基地址+偏移量
       volatile uint_32 *portB_PDO=gpioB_ptr+0;
 490:	693b      	ldr	r3, [r7, #16]
 492:	60bb      	str	r3, [r7, #8]
F:\嵌入式\SD-(M0+)-CD(V2.7)-170930\02-Software\KL25-program\ch04-Light-170930\KL25_Light_Simple\Debug/../08_Source/main.c:31
       //PORTB的输出反转寄存器地址=基地址+偏移量
       volatile uint_32 *portB_PTOR=gpioB_ptr+3;
 494:	693b      	ldr	r3, [r7, #16]
 496:	330c      	adds	r3, #12
 498:	607b      	str	r3, [r7, #4]
F:\嵌入式\SD-(M0+)-CD(V2.7)-170930\02-Software\KL25-program\ch04-Light-170930\KL25_Light_Simple\Debug/../08_Source/main.c:35

    //(3)设置PORTB9引脚为GPIO引脚，即令相应引脚控制寄存器的10-8位
       //(MUX)字段为001
       *portB_PCR_9 &= 0b11111111111111111111100011111111; //清MUX位段
 49a:	697b      	ldr	r3, [r7, #20]
 49c:	681a      	ldr	r2, [r3, #0]
 49e:	4b26      	ldr	r3, [pc, #152]	; (538 <main+0xc4>)
 4a0:	401a      	ands	r2, r3
 4a2:	697b      	ldr	r3, [r7, #20]
 4a4:	601a      	str	r2, [r3, #0]
F:\嵌入式\SD-(M0+)-CD(V2.7)-170930\02-Software\KL25-program\ch04-Light-170930\KL25_Light_Simple\Debug/../08_Source/main.c:36
       *portB_PCR_9 |= 0b00000000000000000000000100000000;
 4a6:	697b      	ldr	r3, [r7, #20]
 4a8:	681b      	ldr	r3, [r3, #0]
 4aa:	2280      	movs	r2, #128	; 0x80
 4ac:	0052      	lsls	r2, r2, #1
 4ae:	431a      	orrs	r2, r3
 4b0:	697b      	ldr	r3, [r7, #20]
 4b2:	601a      	str	r2, [r3, #0]
F:\嵌入式\SD-(M0+)-CD(V2.7)-170930\02-Software\KL25-program\ch04-Light-170930\KL25_Light_Simple\Debug/../08_Source/main.c:39

    //(4)通过PORTB的输出寄存器(给蓝色小灯的寄存器）赋初值1，保证定义为输出时为暗
         *portB_PDO |= (1<<9);
 4b4:	68bb      	ldr	r3, [r7, #8]
 4b6:	681b      	ldr	r3, [r3, #0]
 4b8:	2280      	movs	r2, #128	; 0x80
 4ba:	0092      	lsls	r2, r2, #2
 4bc:	431a      	orrs	r2, r3
 4be:	68bb      	ldr	r3, [r7, #8]
 4c0:	601a      	str	r2, [r3, #0]
F:\嵌入式\SD-(M0+)-CD(V2.7)-170930\02-Software\KL25-program\ch04-Light-170930\KL25_Light_Simple\Debug/../08_Source/main.c:42

    //(5)通过PORTB的方向寄存器，定义PORTB9引脚输出
         *portB_PDDR |= (1<<9);
 4c2:	68fb      	ldr	r3, [r7, #12]
 4c4:	681b      	ldr	r3, [r3, #0]
 4c6:	2280      	movs	r2, #128	; 0x80
 4c8:	0092      	lsls	r2, r2, #2
 4ca:	431a      	orrs	r2, r3
 4cc:	68fb      	ldr	r3, [r7, #12]
 4ce:	601a      	str	r2, [r3, #0]
F:\嵌入式\SD-(M0+)-CD(V2.7)-170930\02-Software\KL25-program\ch04-Light-170930\KL25_Light_Simple\Debug/../08_Source/main.c:46

    //(6)通过PORTB的输出寄存器给蓝色小灯赋初值（0-亮）
         //（以下供单步调试观察）
         *portB_PDO &= ~(1<<9);   //亮
 4d0:	68bb      	ldr	r3, [r7, #8]
 4d2:	681a      	ldr	r2, [r3, #0]
 4d4:	4b19      	ldr	r3, [pc, #100]	; (53c <main+0xc8>)
 4d6:	401a      	ands	r2, r3
 4d8:	68bb      	ldr	r3, [r7, #8]
 4da:	601a      	str	r2, [r3, #0]
F:\嵌入式\SD-(M0+)-CD(V2.7)-170930\02-Software\KL25-program\ch04-Light-170930\KL25_Light_Simple\Debug/../08_Source/main.c:47
         *portB_PDO |= (1<<9);    //暗
 4dc:	68bb      	ldr	r3, [r7, #8]
 4de:	681b      	ldr	r3, [r3, #0]
 4e0:	2280      	movs	r2, #128	; 0x80
 4e2:	0092      	lsls	r2, r2, #2
 4e4:	431a      	orrs	r2, r3
 4e6:	68bb      	ldr	r3, [r7, #8]
 4e8:	601a      	str	r2, [r3, #0]
F:\嵌入式\SD-(M0+)-CD(V2.7)-170930\02-Software\KL25-program\ch04-Light-170930\KL25_Light_Simple\Debug/../08_Source/main.c:48
         *portB_PDO &= ~(1<<9);   //亮
 4ea:	68bb      	ldr	r3, [r7, #8]
 4ec:	681a      	ldr	r2, [r3, #0]
 4ee:	4b13      	ldr	r3, [pc, #76]	; (53c <main+0xc8>)
 4f0:	401a      	ands	r2, r3
 4f2:	68bb      	ldr	r3, [r7, #8]
 4f4:	601a      	str	r2, [r3, #0]
F:\嵌入式\SD-(M0+)-CD(V2.7)-170930\02-Software\KL25-program\ch04-Light-170930\KL25_Light_Simple\Debug/../08_Source/main.c:49
         *portB_PDO |= (1<<9);    //暗
 4f6:	68bb      	ldr	r3, [r7, #8]
 4f8:	681b      	ldr	r3, [r3, #0]
 4fa:	2280      	movs	r2, #128	; 0x80
 4fc:	0092      	lsls	r2, r2, #2
 4fe:	431a      	orrs	r2, r3
 500:	68bb      	ldr	r3, [r7, #8]
 502:	601a      	str	r2, [r3, #0]
F:\嵌入式\SD-(M0+)-CD(V2.7)-170930\02-Software\KL25-program\ch04-Light-170930\KL25_Light_Simple\Debug/../08_Source/main.c:52

    //4. 给有关变量赋初值
    mRuncount=0;                         //主循环计数器
 504:	2300      	movs	r3, #0
 506:	61fb      	str	r3, [r7, #28]
__enable_irq():
F:/嵌入式/SD-(M0+)-CD(V2.7)-170930/02-Software/KL25-program/ch04-Light-170930/KL25_Light_Simple/02_CPU/core_cmFunc.h:333
  This function enables IRQ interrupts by clearing the I-bit in the CPSR.
  Can only be executed in Privileged modes.
 */
__attribute__( ( always_inline ) ) __STATIC_INLINE void __enable_irq(void)
{
  __ASM volatile ("cpsie i" : : : "memory");
 508:	b662      	cpsie	i
main():
F:\嵌入式\SD-(M0+)-CD(V2.7)-170930\02-Software\KL25-program\ch04-Light-170930\KL25_Light_Simple\Debug/../08_Source/main.c:59
    //6. 开总中断
    ENABLE_INTERRUPTS;
     for(;;)
     {
    	 //运行指示灯（红灯）闪烁----------------------------------------------
    	 mRuncount++;
 50a:	69fb      	ldr	r3, [r7, #28]
 50c:	3301      	adds	r3, #1
 50e:	61fb      	str	r3, [r7, #28]
F:\嵌入式\SD-(M0+)-CD(V2.7)-170930\02-Software\KL25-program\ch04-Light-170930\KL25_Light_Simple\Debug/../08_Source/main.c:60
      	if (mRuncount>=556677) //单步调试用，若直接运行， 比较的数可以是一个大数，如556677
 510:	69fa      	ldr	r2, [r7, #28]
 512:	4b0b      	ldr	r3, [pc, #44]	; (540 <main+0xcc>)
 514:	429a      	cmp	r2, r3
 516:	d909      	bls.n	52c <main+0xb8>
F:\嵌入式\SD-(M0+)-CD(V2.7)-170930\02-Software\KL25-program\ch04-Light-170930\KL25_Light_Simple\Debug/../08_Source/main.c:62
      	{
      		mRuncount=0;
 518:	2300      	movs	r3, #0
 51a:	61fb      	str	r3, [r7, #28]
F:\嵌入式\SD-(M0+)-CD(V2.7)-170930\02-Software\KL25-program\ch04-Light-170930\KL25_Light_Simple\Debug/../08_Source/main.c:63
      		*portB_PTOR|= (1<<9);       //PTB9（蓝灯）取反
 51c:	687b      	ldr	r3, [r7, #4]
 51e:	681b      	ldr	r3, [r3, #0]
 520:	2280      	movs	r2, #128	; 0x80
 522:	0092      	lsls	r2, r2, #2
 524:	431a      	orrs	r2, r3
 526:	687b      	ldr	r3, [r7, #4]
 528:	601a      	str	r2, [r3, #0]
F:\嵌入式\SD-(M0+)-CD(V2.7)-170930\02-Software\KL25-program\ch04-Light-170930\KL25_Light_Simple\Debug/../08_Source/main.c:67

      	}
      	//以下加入用户程序-----------------------------------------------------
     } //end_for
 52a:	e7ee      	b.n	50a <main+0x96>
 52c:	e7ed      	b.n	50a <main+0x96>
 52e:	46c0      	nop			; (mov r8, r8)
 530:	4004a000 	.word	0x4004a000
 534:	400ff040 	.word	0x400ff040
 538:	fffff8ff 	.word	0xfffff8ff
 53c:	fffffdff 	.word	0xfffffdff
 540:	00087e84 	.word	0x00087e84

00000544 <SystemInit>:
SystemInit():
F:\嵌入式\SD-(M0+)-CD(V2.7)-170930\02-Software\KL25-program\ch04-Light-170930\KL25_Light_Simple\Debug/../03_MCU/system_MKL25Z4.c:111
//函数名称：SystemInit
//函数返回：无
//参数说明：无
//功能概要：初始化系统的时钟
//===========================================================================
void SystemInit (void) {
 544:	b580      	push	{r7, lr}
 546:	af00      	add	r7, sp, #0
F:\嵌入式\SD-(M0+)-CD(V2.7)-170930\02-Software\KL25-program\ch04-Light-170930\KL25_Light_Simple\Debug/../03_MCU/system_MKL25Z4.c:114

#if (DISABLE_WDOG)  //关闭看门狗
    SIM->COPC = (uint32_t)0x00u;    //SIM_COPC: COPT=0,COPCLKS=0,COPW=0
 548:	4a53      	ldr	r2, [pc, #332]	; (698 <SystemInit+0x154>)
 54a:	2388      	movs	r3, #136	; 0x88
 54c:	015b      	lsls	r3, r3, #5
 54e:	2100      	movs	r1, #0
 550:	50d1      	str	r1, [r2, r3]
F:\嵌入式\SD-(M0+)-CD(V2.7)-170930\02-Software\KL25-program\ch04-Light-170930\KL25_Light_Simple\Debug/../03_MCU/system_MKL25Z4.c:118
#endif

#ifdef CLOCK_SETUP
  if((RCM->SRS0 & RCM_SRS0_WAKEUP_MASK) != 0x00U)
 552:	4b52      	ldr	r3, [pc, #328]	; (69c <SystemInit+0x158>)
 554:	781b      	ldrb	r3, [r3, #0]
 556:	b2db      	uxtb	r3, r3
 558:	1c1a      	adds	r2, r3, #0
 55a:	2301      	movs	r3, #1
 55c:	4013      	ands	r3, r2
 55e:	d00e      	beq.n	57e <SystemInit+0x3a>
F:\嵌入式\SD-(M0+)-CD(V2.7)-170930\02-Software\KL25-program\ch04-Light-170930\KL25_Light_Simple\Debug/../03_MCU/system_MKL25Z4.c:120
  {
    if((PMC->REGSC & PMC_REGSC_ACKISO_MASK) != 0x00U)
 560:	4b4f      	ldr	r3, [pc, #316]	; (6a0 <SystemInit+0x15c>)
 562:	789b      	ldrb	r3, [r3, #2]
 564:	b2db      	uxtb	r3, r3
 566:	1c1a      	adds	r2, r3, #0
 568:	2308      	movs	r3, #8
 56a:	4013      	ands	r3, r2
 56c:	d007      	beq.n	57e <SystemInit+0x3a>
F:\嵌入式\SD-(M0+)-CD(V2.7)-170930\02-Software\KL25-program\ch04-Light-170930\KL25_Light_Simple\Debug/../03_MCU/system_MKL25Z4.c:122
    {
       PMC->REGSC |= PMC_REGSC_ACKISO_MASK; /* 释放ACKISO */
 56e:	4b4c      	ldr	r3, [pc, #304]	; (6a0 <SystemInit+0x15c>)
 570:	4a4b      	ldr	r2, [pc, #300]	; (6a0 <SystemInit+0x15c>)
 572:	7892      	ldrb	r2, [r2, #2]
 574:	b2d2      	uxtb	r2, r2
 576:	2108      	movs	r1, #8
 578:	430a      	orrs	r2, r1
 57a:	b2d2      	uxtb	r2, r2
 57c:	709a      	strb	r2, [r3, #2]
F:\嵌入式\SD-(M0+)-CD(V2.7)-170930\02-Software\KL25-program\ch04-Light-170930\KL25_Light_Simple\Debug/../03_MCU/system_MKL25Z4.c:128
    }
  }

  /* 电源模式保护初始化 */
#ifdef SYSTEM_SMC_PMPROT_VALUE
  SMC->PMPROT = SYSTEM_SMC_PMPROT_VALUE;
 57e:	4b49      	ldr	r3, [pc, #292]	; (6a4 <SystemInit+0x160>)
 580:	222a      	movs	r2, #42	; 0x2a
 582:	701a      	strb	r2, [r3, #0]
F:\嵌入式\SD-(M0+)-CD(V2.7)-170930\02-Software\KL25-program\ch04-Light-170930\KL25_Light_Simple\Debug/../03_MCU/system_MKL25Z4.c:148
#if defined(SLOW_TRIM_ADDRESS)
  }
  #endif

  /* 设置系统预分频和时钟的值 */
  SIM->CLKDIV1 = SYSTEM_SIM_CLKDIV1_VALUE; /* Set system prescalers */
 584:	4a44      	ldr	r2, [pc, #272]	; (698 <SystemInit+0x154>)
 586:	4b48      	ldr	r3, [pc, #288]	; (6a8 <SystemInit+0x164>)
 588:	4948      	ldr	r1, [pc, #288]	; (6ac <SystemInit+0x168>)
 58a:	50d1      	str	r1, [r2, r3]
F:\嵌入式\SD-(M0+)-CD(V2.7)-170930\02-Software\KL25-program\ch04-Light-170930\KL25_Light_Simple\Debug/../03_MCU/system_MKL25Z4.c:149
  SIM->SOPT1 = ((SIM->SOPT1) & (uint32_t)(~(SIM_SOPT1_OSC32KSEL_MASK))) | ((SYSTEM_SIM_SOPT1_VALUE) & (SIM_SOPT1_OSC32KSEL_MASK)); /* Set 32 kHz clock source (ERCLK32K) */
 58c:	4b42      	ldr	r3, [pc, #264]	; (698 <SystemInit+0x154>)
 58e:	4a42      	ldr	r2, [pc, #264]	; (698 <SystemInit+0x154>)
 590:	6812      	ldr	r2, [r2, #0]
 592:	21c0      	movs	r1, #192	; 0xc0
 594:	0309      	lsls	r1, r1, #12
 596:	430a      	orrs	r2, r1
 598:	601a      	str	r2, [r3, #0]
F:\嵌入式\SD-(M0+)-CD(V2.7)-170930\02-Software\KL25-program\ch04-Light-170930\KL25_Light_Simple\Debug/../03_MCU/system_MKL25Z4.c:150
  SIM->SOPT2 = ((SIM->SOPT2) & (uint32_t)(~(SIM_SOPT2_PLLFLLSEL_MASK))) | ((SYSTEM_SIM_SOPT2_VALUE) & (SIM_SOPT2_PLLFLLSEL_MASK)); /* Selects the high frequency clock for various peripheral clocking options. */
 59a:	4a3f      	ldr	r2, [pc, #252]	; (698 <SystemInit+0x154>)
 59c:	493e      	ldr	r1, [pc, #248]	; (698 <SystemInit+0x154>)
 59e:	4b44      	ldr	r3, [pc, #272]	; (6b0 <SystemInit+0x16c>)
 5a0:	58cb      	ldr	r3, [r1, r3]
 5a2:	2180      	movs	r1, #128	; 0x80
 5a4:	0249      	lsls	r1, r1, #9
 5a6:	4319      	orrs	r1, r3
 5a8:	4b41      	ldr	r3, [pc, #260]	; (6b0 <SystemInit+0x16c>)
 5aa:	50d1      	str	r1, [r2, r3]
F:\嵌入式\SD-(M0+)-CD(V2.7)-170930\02-Software\KL25-program\ch04-Light-170930\KL25_Light_Simple\Debug/../03_MCU/system_MKL25Z4.c:151
  SIM->SOPT2 = ((SIM->SOPT2) & (uint32_t)(~(SIM_SOPT2_TPMSRC_MASK))) | ((SYSTEM_SIM_SOPT2_VALUE) & (SIM_SOPT2_TPMSRC_MASK)); /* Selects the clock source for the TPM counter clock. */
 5ac:	4a3a      	ldr	r2, [pc, #232]	; (698 <SystemInit+0x154>)
 5ae:	493a      	ldr	r1, [pc, #232]	; (698 <SystemInit+0x154>)
 5b0:	4b3f      	ldr	r3, [pc, #252]	; (6b0 <SystemInit+0x16c>)
 5b2:	58c9      	ldr	r1, [r1, r3]
 5b4:	4b3f      	ldr	r3, [pc, #252]	; (6b4 <SystemInit+0x170>)
 5b6:	400b      	ands	r3, r1
 5b8:	2180      	movs	r1, #128	; 0x80
 5ba:	0449      	lsls	r1, r1, #17
 5bc:	4319      	orrs	r1, r3
 5be:	4b3c      	ldr	r3, [pc, #240]	; (6b0 <SystemInit+0x16c>)
 5c0:	50d1      	str	r1, [r2, r3]
F:\嵌入式\SD-(M0+)-CD(V2.7)-170930\02-Software\KL25-program\ch04-Light-170930\KL25_Light_Simple\Debug/../03_MCU/system_MKL25Z4.c:185
  #endif

#else /* MCG_MODE */
  /* Set MCG and OSC */
  /* SIM_SCGC5: PORTA=1 */
  SIM_SCGC5 |= SIM_SCGC5_PORTA_MASK;
 5c2:	4a35      	ldr	r2, [pc, #212]	; (698 <SystemInit+0x154>)
 5c4:	4934      	ldr	r1, [pc, #208]	; (698 <SystemInit+0x154>)
 5c6:	4b3c      	ldr	r3, [pc, #240]	; (6b8 <SystemInit+0x174>)
 5c8:	58cb      	ldr	r3, [r1, r3]
 5ca:	2180      	movs	r1, #128	; 0x80
 5cc:	0089      	lsls	r1, r1, #2
 5ce:	4319      	orrs	r1, r3
 5d0:	4b39      	ldr	r3, [pc, #228]	; (6b8 <SystemInit+0x174>)
 5d2:	50d1      	str	r1, [r2, r3]
F:\嵌入式\SD-(M0+)-CD(V2.7)-170930\02-Software\KL25-program\ch04-Light-170930\KL25_Light_Simple\Debug/../03_MCU/system_MKL25Z4.c:187
  /* PORTA_PCR18: ISF=0,MUX=0 */
  PORTA_PCR18 &= (uint32_t)~(uint32_t)((PORT_PCR_ISF_MASK | PORT_PCR_MUX(0x07)));
 5d4:	4b39      	ldr	r3, [pc, #228]	; (6bc <SystemInit+0x178>)
 5d6:	4a39      	ldr	r2, [pc, #228]	; (6bc <SystemInit+0x178>)
 5d8:	6c91      	ldr	r1, [r2, #72]	; 0x48
 5da:	4a39      	ldr	r2, [pc, #228]	; (6c0 <SystemInit+0x17c>)
 5dc:	400a      	ands	r2, r1
 5de:	649a      	str	r2, [r3, #72]	; 0x48
F:\嵌入式\SD-(M0+)-CD(V2.7)-170930\02-Software\KL25-program\ch04-Light-170930\KL25_Light_Simple\Debug/../03_MCU/system_MKL25Z4.c:190
  if (((SYSTEM_MCG_C2_VALUE) & MCG_C2_EREFS0_MASK) != 0x00U) {
  /* PORTA_PCR19: ISF=0,MUX=0 */
  PORTA_PCR19 &= (uint32_t)~(uint32_t)((PORT_PCR_ISF_MASK | PORT_PCR_MUX(0x07)));
 5e0:	4b36      	ldr	r3, [pc, #216]	; (6bc <SystemInit+0x178>)
 5e2:	4a36      	ldr	r2, [pc, #216]	; (6bc <SystemInit+0x178>)
 5e4:	6cd1      	ldr	r1, [r2, #76]	; 0x4c
 5e6:	4a36      	ldr	r2, [pc, #216]	; (6c0 <SystemInit+0x17c>)
 5e8:	400a      	ands	r2, r1
 5ea:	64da      	str	r2, [r3, #76]	; 0x4c
F:\嵌入式\SD-(M0+)-CD(V2.7)-170930\02-Software\KL25-program\ch04-Light-170930\KL25_Light_Simple\Debug/../03_MCU/system_MKL25Z4.c:192
  }
  MCG->SC = SYSTEM_MCG_SC_VALUE;       /* Set SC (fast clock internal reference divider) */
 5ec:	4b35      	ldr	r3, [pc, #212]	; (6c4 <SystemInit+0x180>)
 5ee:	2200      	movs	r2, #0
 5f0:	721a      	strb	r2, [r3, #8]
F:\嵌入式\SD-(M0+)-CD(V2.7)-170930\02-Software\KL25-program\ch04-Light-170930\KL25_Light_Simple\Debug/../03_MCU/system_MKL25Z4.c:193
  MCG->C2 = (SYSTEM_MCG_C2_VALUE) & (uint8_t)(~(MCG_C2_LP_MASK)); /* Set C2 (freq. range, ext. and int. reference selection etc.; low power bit is set later) */
 5f2:	4b34      	ldr	r3, [pc, #208]	; (6c4 <SystemInit+0x180>)
 5f4:	2224      	movs	r2, #36	; 0x24
 5f6:	705a      	strb	r2, [r3, #1]
F:\嵌入式\SD-(M0+)-CD(V2.7)-170930\02-Software\KL25-program\ch04-Light-170930\KL25_Light_Simple\Debug/../03_MCU/system_MKL25Z4.c:194
  OSC0->CR = SYSTEM_OSC0_CR_VALUE;     /* Set OSC_CR (OSCERCLK enable, oscillator capacitor load) */
 5f8:	4b33      	ldr	r3, [pc, #204]	; (6c8 <SystemInit+0x184>)
 5fa:	2280      	movs	r2, #128	; 0x80
 5fc:	701a      	strb	r2, [r3, #0]
F:\嵌入式\SD-(M0+)-CD(V2.7)-170930\02-Software\KL25-program\ch04-Light-170930\KL25_Light_Simple\Debug/../03_MCU/system_MKL25Z4.c:196
  #if (MCG_MODE == MCG_MODE_PEE)
  MCG->C1 = (SYSTEM_MCG_C1_VALUE) | MCG_C1_CLKS(0x02); /* Set C1 (clock source selection, FLL ext. reference divider, int. reference enable etc.) - PBE mode*/
 5fe:	4b31      	ldr	r3, [pc, #196]	; (6c4 <SystemInit+0x180>)
 600:	229a      	movs	r2, #154	; 0x9a
 602:	701a      	strb	r2, [r3, #0]
F:\嵌入式\SD-(M0+)-CD(V2.7)-170930\02-Software\KL25-program\ch04-Light-170930\KL25_Light_Simple\Debug/../03_MCU/system_MKL25Z4.c:201
  #else
  MCG->C1 = SYSTEM_MCG_C1_VALUE;       /* Set C1 (clock source selection, FLL ext. reference divider, int. reference enable etc.) */
  #endif
  if (((SYSTEM_MCG_C2_VALUE) & MCG_C2_EREFS0_MASK) != 0x00U) {
    while((MCG->S & MCG_S_OSCINIT0_MASK) == 0x00U) { /* Check that the oscillator is running */
 604:	46c0      	nop			; (mov r8, r8)
F:\嵌入式\SD-(M0+)-CD(V2.7)-170930\02-Software\KL25-program\ch04-Light-170930\KL25_Light_Simple\Debug/../03_MCU/system_MKL25Z4.c:201 (discriminator 1)
 606:	4b2f      	ldr	r3, [pc, #188]	; (6c4 <SystemInit+0x180>)
 608:	799b      	ldrb	r3, [r3, #6]
 60a:	b2db      	uxtb	r3, r3
 60c:	1c1a      	adds	r2, r3, #0
 60e:	2302      	movs	r3, #2
 610:	4013      	ands	r3, r2
 612:	d0f8      	beq.n	606 <SystemInit+0xc2>
F:\嵌入式\SD-(M0+)-CD(V2.7)-170930\02-Software\KL25-program\ch04-Light-170930\KL25_Light_Simple\Debug/../03_MCU/system_MKL25Z4.c:209
  /* Check that the source of the FLL reference clock is the requested one. */
  if (((SYSTEM_MCG_C1_VALUE) & MCG_C1_IREFS_MASK) != 0x00U) {
    while((MCG->S & MCG_S_IREFST_MASK) == 0x00U) {
    }
  } else {
    while((MCG->S & MCG_S_IREFST_MASK) != 0x00U) {
 614:	46c0      	nop			; (mov r8, r8)
F:\嵌入式\SD-(M0+)-CD(V2.7)-170930\02-Software\KL25-program\ch04-Light-170930\KL25_Light_Simple\Debug/../03_MCU/system_MKL25Z4.c:209 (discriminator 1)
 616:	4b2b      	ldr	r3, [pc, #172]	; (6c4 <SystemInit+0x180>)
 618:	799b      	ldrb	r3, [r3, #6]
 61a:	b2db      	uxtb	r3, r3
 61c:	1c1a      	adds	r2, r3, #0
 61e:	2310      	movs	r3, #16
 620:	4013      	ands	r3, r2
 622:	d1f8      	bne.n	616 <SystemInit+0xd2>
F:\嵌入式\SD-(M0+)-CD(V2.7)-170930\02-Software\KL25-program\ch04-Light-170930\KL25_Light_Simple\Debug/../03_MCU/system_MKL25Z4.c:212
    }
  }
  MCG->C4 = ((SYSTEM_MCG_C4_VALUE)  & (uint8_t)(~(MCG_C4_FCTRIM_MASK | MCG_C4_SCFTRIM_MASK))) | (MCG->C4 & (MCG_C4_FCTRIM_MASK | MCG_C4_SCFTRIM_MASK)); /* Set C4 (FLL output; trim values not changed) */
 624:	4b27      	ldr	r3, [pc, #156]	; (6c4 <SystemInit+0x180>)
 626:	4a27      	ldr	r2, [pc, #156]	; (6c4 <SystemInit+0x180>)
 628:	78d2      	ldrb	r2, [r2, #3]
 62a:	b2d1      	uxtb	r1, r2
 62c:	221f      	movs	r2, #31
 62e:	400a      	ands	r2, r1
 630:	b2d2      	uxtb	r2, r2
 632:	70da      	strb	r2, [r3, #3]
F:\嵌入式\SD-(M0+)-CD(V2.7)-170930\02-Software\KL25-program\ch04-Light-170930\KL25_Light_Simple\Debug/../03_MCU/system_MKL25Z4.c:218
#endif /* MCG_MODE */

  /* Common for all MCG modes */

  /* PLL clock can be used to generate clock for some devices regardless of clock generator (MCGOUTCLK) mode. */
  MCG->C5 = (SYSTEM_MCG_C5_VALUE) & (uint8_t)(~(MCG_C5_PLLCLKEN0_MASK)); /* Set C5 (PLL settings, PLL reference divider etc.) */
 634:	4b23      	ldr	r3, [pc, #140]	; (6c4 <SystemInit+0x180>)
 636:	2201      	movs	r2, #1
 638:	711a      	strb	r2, [r3, #4]
F:\嵌入式\SD-(M0+)-CD(V2.7)-170930\02-Software\KL25-program\ch04-Light-170930\KL25_Light_Simple\Debug/../03_MCU/system_MKL25Z4.c:219
  MCG->C6 = (SYSTEM_MCG_C6_VALUE) & (uint8_t)~(MCG_C6_PLLS_MASK); /* Set C6 (PLL select, VCO divider etc.) */
 63a:	4b22      	ldr	r3, [pc, #136]	; (6c4 <SystemInit+0x180>)
 63c:	2200      	movs	r2, #0
 63e:	715a      	strb	r2, [r3, #5]
F:\嵌入式\SD-(M0+)-CD(V2.7)-170930\02-Software\KL25-program\ch04-Light-170930\KL25_Light_Simple\Debug/../03_MCU/system_MKL25Z4.c:228
  /* BLPE, PEE and PBE MCG mode specific */

#if (MCG_MODE == MCG_MODE_BLPE)
  MCG->C2 |= (MCG_C2_LP_MASK);         /* Disable FLL and PLL in bypass mode */
#elif ((MCG_MODE == MCG_MODE_PBE) || (MCG_MODE == MCG_MODE_PEE))
  MCG->C6 |= (MCG_C6_PLLS_MASK);       /* Set C6 (PLL select, VCO divider etc.) */
 640:	4b20      	ldr	r3, [pc, #128]	; (6c4 <SystemInit+0x180>)
 642:	4a20      	ldr	r2, [pc, #128]	; (6c4 <SystemInit+0x180>)
 644:	7952      	ldrb	r2, [r2, #5]
 646:	b2d2      	uxtb	r2, r2
 648:	2140      	movs	r1, #64	; 0x40
 64a:	430a      	orrs	r2, r1
 64c:	b2d2      	uxtb	r2, r2
 64e:	715a      	strb	r2, [r3, #5]
F:\嵌入式\SD-(M0+)-CD(V2.7)-170930\02-Software\KL25-program\ch04-Light-170930\KL25_Light_Simple\Debug/../03_MCU/system_MKL25Z4.c:229
  while((MCG->S & MCG_S_LOCK0_MASK) == 0x00U) { /* Wait until PLL is locked*/
 650:	46c0      	nop			; (mov r8, r8)
F:\嵌入式\SD-(M0+)-CD(V2.7)-170930\02-Software\KL25-program\ch04-Light-170930\KL25_Light_Simple\Debug/../03_MCU/system_MKL25Z4.c:229 (discriminator 1)
 652:	4b1c      	ldr	r3, [pc, #112]	; (6c4 <SystemInit+0x180>)
 654:	799b      	ldrb	r3, [r3, #6]
 656:	b2db      	uxtb	r3, r3
 658:	1c1a      	adds	r2, r3, #0
 65a:	2340      	movs	r3, #64	; 0x40
 65c:	4013      	ands	r3, r2
 65e:	d0f8      	beq.n	652 <SystemInit+0x10e>
F:\嵌入式\SD-(M0+)-CD(V2.7)-170930\02-Software\KL25-program\ch04-Light-170930\KL25_Light_Simple\Debug/../03_MCU/system_MKL25Z4.c:232
  }
  #if (MCG_MODE == MCG_MODE_PEE)
  MCG->C1 &= (uint8_t)~(MCG_C1_CLKS_MASK);
 660:	4b18      	ldr	r3, [pc, #96]	; (6c4 <SystemInit+0x180>)
 662:	4a18      	ldr	r2, [pc, #96]	; (6c4 <SystemInit+0x180>)
 664:	7812      	ldrb	r2, [r2, #0]
 666:	b2d1      	uxtb	r1, r2
 668:	223f      	movs	r2, #63	; 0x3f
 66a:	400a      	ands	r2, r1
 66c:	b2d2      	uxtb	r2, r2
 66e:	701a      	strb	r2, [r3, #0]
F:\嵌入式\SD-(M0+)-CD(V2.7)-170930\02-Software\KL25-program\ch04-Light-170930\KL25_Light_Simple\Debug/../03_MCU/system_MKL25Z4.c:255
  }
#elif ((MCG_MODE == MCG_MODE_FBE) || (MCG_MODE == MCG_MODE_PBE) || (MCG_MODE == MCG_MODE_BLPE))
  while((MCG->S & MCG_S_CLKST_MASK) != 0x08U) { /* Wait until external reference clock is selected as MCG output */
  }
#elif (MCG_MODE == MCG_MODE_PEE)
  while((MCG->S & MCG_S_CLKST_MASK) != 0x0CU) { /* Wait until output of the PLL is selected */
 670:	46c0      	nop			; (mov r8, r8)
F:\嵌入式\SD-(M0+)-CD(V2.7)-170930\02-Software\KL25-program\ch04-Light-170930\KL25_Light_Simple\Debug/../03_MCU/system_MKL25Z4.c:255 (discriminator 1)
 672:	4b14      	ldr	r3, [pc, #80]	; (6c4 <SystemInit+0x180>)
 674:	799b      	ldrb	r3, [r3, #6]
 676:	b2db      	uxtb	r3, r3
 678:	1c1a      	adds	r2, r3, #0
 67a:	230c      	movs	r3, #12
 67c:	4013      	ands	r3, r2
 67e:	2b0c      	cmp	r3, #12
 680:	d1f7      	bne.n	672 <SystemInit+0x12e>
F:\嵌入式\SD-(M0+)-CD(V2.7)-170930\02-Software\KL25-program\ch04-Light-170930\KL25_Light_Simple\Debug/../03_MCU/system_MKL25Z4.c:271
    NVIC_EnableIRQ(MCG_IRQn);          /* Enable PLL loss of lock interrupt request */
  }
#endif

    //初始化后，开始PORT模块时钟
    SIM_SCGC5 |= SIM_SCGC5_PORTA_MASK
 682:	4a05      	ldr	r2, [pc, #20]	; (698 <SystemInit+0x154>)
 684:	4904      	ldr	r1, [pc, #16]	; (698 <SystemInit+0x154>)
 686:	4b0c      	ldr	r3, [pc, #48]	; (6b8 <SystemInit+0x174>)
 688:	58cb      	ldr	r3, [r1, r3]
 68a:	21f8      	movs	r1, #248	; 0xf8
 68c:	0189      	lsls	r1, r1, #6
 68e:	4319      	orrs	r1, r3
 690:	4b09      	ldr	r3, [pc, #36]	; (6b8 <SystemInit+0x174>)
 692:	50d1      	str	r1, [r2, r3]
F:\嵌入式\SD-(M0+)-CD(V2.7)-170930\02-Software\KL25-program\ch04-Light-170930\KL25_Light_Simple\Debug/../03_MCU/system_MKL25Z4.c:276
  			  | SIM_SCGC5_PORTB_MASK
  			  | SIM_SCGC5_PORTC_MASK
  			  | SIM_SCGC5_PORTD_MASK
  			  | SIM_SCGC5_PORTE_MASK;
}
 694:	46bd      	mov	sp, r7
 696:	bd80      	pop	{r7, pc}
 698:	40047000 	.word	0x40047000
 69c:	4007f000 	.word	0x4007f000
 6a0:	4007d000 	.word	0x4007d000
 6a4:	4007e000 	.word	0x4007e000
 6a8:	00001044 	.word	0x00001044
 6ac:	10010000 	.word	0x10010000
 6b0:	00001004 	.word	0x00001004
 6b4:	fcffffff 	.word	0xfcffffff
 6b8:	00001038 	.word	0x00001038
 6bc:	40049000 	.word	0x40049000
 6c0:	fefff8ff 	.word	0xfefff8ff
 6c4:	40064000 	.word	0x40064000
 6c8:	40065000 	.word	0x40065000
